<?xml version="1.0" encoding="UTF-8"?>
<!-- Generated by org.testng.reporters.JUnitReportReporter -->
<testsuite skipped="0" hostname="SagarChawla-PC" name="com.crm.qa.testcases.LoginPageTest" tests="3" failures="0" timestamp="17 Jul 2018 14:32:19 GMT" time="60.350" errors="0">
  <testcase name="loginPageTitleTest" time="13.482" classname="com.crm.qa.testcases.LoginPageTest"/>
  <testcase name="crmLogoImageTest" time="17.184" classname="com.crm.qa.testcases.LoginPageTest"/>
  <testcase name="loginTest" time="29.684" classname="com.crm.qa.testcases.LoginPageTest"/>
</testsuite> <!-- com.crm.qa.testcases.LoginPageTest -->
