<?xml version="1.0" encoding="UTF-8"?>
<!-- Generated by org.testng.reporters.JUnitReportReporter -->
<testsuite skipped="0" hostname="SagarChawla-PC" name="com.crm.qa.testcases.HomePageTest" tests="3" failures="0" timestamp="17 Jul 2018 14:32:19 GMT" time="80.965" errors="0">
  <testcase name="verifyHomePageTitletest" time="26.082" classname="com.crm.qa.testcases.HomePageTest"/>
  <testcase name="verifyUsernameTest" time="26.930" classname="com.crm.qa.testcases.HomePageTest"/>
  <testcase name="verifycontactslinkTest" time="27.953" classname="com.crm.qa.testcases.HomePageTest"/>
</testsuite> <!-- com.crm.qa.testcases.HomePageTest -->
