<?xml version="1.0" encoding="UTF-8"?>
<!-- Generated by org.testng.reporters.JUnitReportReporter -->
<testsuite hostname="SagarChawla-PC" name="com.crm.qa.testcases.LoginPageTest" tests="3" failures="0" timestamp="25 Jul 2018 16:54:57 GMT" time="73.268" errors="0">
  <testcase name="loginPageTitleTest" time="17.023" classname="com.crm.qa.testcases.LoginPageTest"/>
  <testcase name="loginTest" time="36.172" classname="com.crm.qa.testcases.LoginPageTest"/>
  <testcase name="crmLogoImageTest" time="20.073" classname="com.crm.qa.testcases.LoginPageTest"/>
</testsuite> <!-- com.crm.qa.testcases.LoginPageTest -->
