<?xml version="1.0" encoding="UTF-8"?>
<!-- Generated by org.testng.reporters.JUnitReportReporter -->
<testsuite hostname="SagarChawla-PC" name="com.crm.qa.testcases.HomePageTest" tests="3" failures="0" timestamp="25 Jul 2018 16:54:57 GMT" time="139.539" errors="0">
  <testcase name="verifycontactslinkTest" time="51.844" classname="com.crm.qa.testcases.HomePageTest"/>
  <testcase name="verifyHomePageTitletest" time="42.952" classname="com.crm.qa.testcases.HomePageTest"/>
  <testcase name="verifyUsernameTest" time="44.743" classname="com.crm.qa.testcases.HomePageTest"/>
</testsuite> <!-- com.crm.qa.testcases.HomePageTest -->
